#
# There is insufficient memory for the Java Runtime Environment to continue.
# Native memory allocation (mmap) failed to map 132120576 bytes for G1 virtual space
# Possible reasons:
#   The system is out of physical RAM or swap space
#   The process is running with CompressedOops enabled, and the Java Heap may be blocking the growth of the native heap
# Possible solutions:
#   Reduce memory load on the system
#   Increase physical memory or swap space
#   Check if swap backing store is full
#   Decrease Java heap size (-Xmx/-Xms)
#   Decrease number of Java threads
#   Decrease Java thread stack sizes (-Xss)
#   Set larger code cache with -XX:ReservedCodeCacheSize=
#   JVM is running with Unscaled Compressed Oops mode in which the Java heap is
#     placed in the first 4GB address space. The Java Heap base address is the
#     maximum limit for the native heap growth. Please use -XX:HeapBaseMinAddress
#     to set the Java Heap base and to place the Java Heap above 4GB virtual address.
# This output file may be truncated or incomplete.
#
#  Out of Memory Error (os_windows.cpp:3550), pid=64032, tid=49280
#
# JRE version:  (17.0.7+8) (build )
# Java VM: Java HotSpot(TM) 64-Bit Server VM (17.0.7+8-LTS-224, mixed mode, sharing, tiered, compressed oops, compressed class ptrs, g1 gc, windows-amd64)
# No core dump will be written. Minidumps are not enabled by default on client versions of Windows
#

---------------  S U M M A R Y ------------

Command Line: -Dfile.encoding=UTF-8 --module-path=C:\Users\LENOVO\OneDrive\Documents\NetBeansProjects\bank management system\build\classes bank.management.system.Deposit

Host: 11th Gen Intel(R) Core(TM) i5-1135G7 @ 2.40GHz, 8 cores, 7G,  Windows 11 , 64 bit Build 22000 (10.0.22000.2003)
Time: Wed Jul 19 01:37:22 2023 India Standard Time elapsed time: 0.018196 seconds (0d 0h 0m 0s)

---------------  T H R E A D  ---------------

Current thread (0x0000028d6e86e7c0):  JavaThread "Unknown thread" [_thread_in_vm, id=49280, stack(0x000000a267800000,0x000000a267900000)]

Stack: [0x000000a267800000,0x000000a267900000]
Native frames: (J=compiled Java code, j=interpreted, Vv=VM code, C=native code)
V  [jvm.dll+0x676a4a]
V  [jvm.dll+0x7d74f4]
V  [jvm.dll+0x7d8c9e]
V  [jvm.dll+0x7d9303]
V  [jvm.dll+0x2452c5]
V  [jvm.dll+0x6738f9]
V  [jvm.dll+0x668232]
V  [jvm.dll+0x302826]
V  [jvm.dll+0x309da6]
V  [jvm.dll+0x35952e]
V  [jvm.dll+0x35975f]
V  [jvm.dll+0x2d9a38]
V  [jvm.dll+0x2da9a4]
V  [jvm.dll+0x7a8fb1]
V  [jvm.dll+0x3670e1]
V  [jvm.dll+0x788359]
V  [jvm.dll+0x3ea5ef]
V  [jvm.dll+0x3ec071]
C  [jli.dll+0x5297]
C  [ucrtbase.dll+0x26c0c]
C  [KERNEL32.DLL+0x155a0]
C  [ntdll.dll+0x485b]


---------------  P R O C E S S  ---------------

Threads class SMR info:
_java_thread_list=0x00007fffcc8d4998, length=0, elements={
}

Java Threads: ( => current thread )

Other Threads:
  0x0000028d6e8c84a0 GCTaskThread "GC Thread#0" [stack: 0x000000a267900000,0x000000a267a00000] [id=46600]
  0x0000028d6e8d9c30 ConcurrentGCThread "G1 Main Marker" [stack: 0x000000a267a00000,0x000000a267b00000] [id=51008]
  0x0000028d6e8da6a0 ConcurrentGCThread "G1 Conc#0" [stack: 0x000000a267b00000,0x000000a267c00000] [id=70932]

[error occurred during error reporting (printing all threads), id 0xc0000005, EXCEPTION_ACCESS_VIOLATION (0xc0000005) at pc=0x00007fffcc10a697]

VM state: not at safepoint (not fully initialized)

VM Mutex/Monitor currently owned by a thread:  ([mutex/lock_event])
[0x0000028d6e868310] Heap_lock - owner thread: 0x0000028d6e86e7c0

Heap address: 0x0000000083600000, size: 1994 MB, Compressed Oops mode: 32-bit

CDS archive(s) mapped at: [0x0000000000000000-0x0000000000000000-0x0000000000000000), size 0, SharedBaseAddress: 0x0000000800000000, ArchiveRelocationMode: 0.
Narrow klass base: 0x0000000000000000, Narrow klass shift: 0, Narrow klass range: 0x0

GC Precious Log:
<Empty>

Heap:
 garbage-first heap   total 0K, used 0K [0x0000000083600000, 0x0000000100000000)
  region size 1024K, 0 young (0K), 0 survivors (0K)

[error occurred during error reporting (printing heap information), id 0xc0000005, EXCEPTION_ACCESS_VIOLATION (0xc0000005) at pc=0x00007fffcc4f00b9]

GC Heap History (0 events):
No events

Deoptimization events (0 events):
No events

Classes unloaded (0 events):
No events

Classes redefined (0 events):
No events

Internal exceptions (0 events):
No events

VM Operations (0 events):
No events

Events (1 events):
Event: 0.009 Loaded shared library C:\Program Files\Java\jdk-17\bin\java.dll


Dynamic libraries:
0x00007ff607de0000 - 0x00007ff607df0000 	C:\Program Files\Java\jdk-17\bin\java.exe
0x00007ff82f680000 - 0x00007ff82f889000 	C:\Windows\SYSTEM32\ntdll.dll
0x00007ff82d720000 - 0x00007ff82d7de000 	C:\Windows\System32\KERNEL32.DLL
0x00007ff82cc10000 - 0x00007ff82cf94000 	C:\Windows\System32\KERNELBASE.dll
0x00007ff82d0c0000 - 0x00007ff82d1d1000 	C:\Windows\System32\ucrtbase.dll
0x00007ff829a00000 - 0x00007ff829a1b000 	C:\Program Files\Java\jdk-17\bin\VCRUNTIME140.dll
0x00007ff8233f0000 - 0x00007ff823409000 	C:\Program Files\Java\jdk-17\bin\jli.dll
0x00007ff82d580000 - 0x00007ff82d62f000 	C:\Windows\System32\ADVAPI32.dll
0x00007ff82f250000 - 0x00007ff82f2f3000 	C:\Windows\System32\msvcrt.dll
0x00007ff82f540000 - 0x00007ff82f5de000 	C:\Windows\System32\sechost.dll
0x00007ff82d7e0000 - 0x00007ff82d901000 	C:\Windows\System32\RPCRT4.dll
0x00007ff82ed30000 - 0x00007ff82eedd000 	C:\Windows\System32\USER32.dll
0x00007ff82d1e0000 - 0x00007ff82d206000 	C:\Windows\System32\win32u.dll
0x00007ff816fd0000 - 0x00007ff817275000 	C:\Windows\WinSxS\amd64_microsoft.windows.common-controls_6595b64144ccf1df_6.0.22000.120_none_9d947278b86cc467\COMCTL32.dll
0x00007ff82d550000 - 0x00007ff82d57a000 	C:\Windows\System32\GDI32.dll
0x00007ff82cfa0000 - 0x00007ff82d0bf000 	C:\Windows\System32\gdi32full.dll
0x00007ff82d440000 - 0x00007ff82d4dd000 	C:\Windows\System32\msvcp_win.dll
0x00007ff825060000 - 0x00007ff82506a000 	C:\Windows\SYSTEM32\VERSION.dll
0x00007ff82f130000 - 0x00007ff82f161000 	C:\Windows\System32\IMM32.DLL
0x00007ff829b00000 - 0x00007ff829b0c000 	C:\Program Files\Java\jdk-17\bin\vcruntime140_1.dll
0x00007ffffe730000 - 0x00007ffffe7be000 	C:\Program Files\Java\jdk-17\bin\msvcp140.dll
0x00007fffcbe20000 - 0x00007fffcc9fd000 	C:\Program Files\Java\jdk-17\bin\server\jvm.dll
0x00007ff82ef60000 - 0x00007ff82ef68000 	C:\Windows\System32\PSAPI.DLL
0x00007ff829b50000 - 0x00007ff829b59000 	C:\Windows\SYSTEM32\WSOCK32.dll
0x00007ff825c50000 - 0x00007ff825c83000 	C:\Windows\SYSTEM32\WINMM.dll
0x00007ff82d4e0000 - 0x00007ff82d54f000 	C:\Windows\System32\WS2_32.dll
0x00007ff82bc80000 - 0x00007ff82bc98000 	C:\Windows\SYSTEM32\kernel.appcore.dll
0x00007ff829ae0000 - 0x00007ff829aea000 	C:\Program Files\Java\jdk-17\bin\jimage.dll
0x00007ff82a040000 - 0x00007ff82a261000 	C:\Windows\SYSTEM32\DBGHELP.DLL
0x00007ff81d950000 - 0x00007ff81d981000 	C:\Windows\SYSTEM32\dbgcore.DLL
0x00007ff82cb90000 - 0x00007ff82cc0f000 	C:\Windows\System32\bcryptPrimitives.dll
0x00007ff80fd30000 - 0x00007ff80fd55000 	C:\Program Files\Java\jdk-17\bin\java.dll

dbghelp: loaded successfully - version: 4.0.5 - missing functions: none
symbol engine: initialized successfully - sym options: 0x614 - pdb path: .;C:\Program Files\Java\jdk-17\bin;C:\Windows\SYSTEM32;C:\Windows\WinSxS\amd64_microsoft.windows.common-controls_6595b64144ccf1df_6.0.22000.120_none_9d947278b86cc467;C:\Program Files\Java\jdk-17\bin\server

VM Arguments:
jvm_args: -Dfile.encoding=UTF-8 --module-path=C:\Users\LENOVO\OneDrive\Documents\NetBeansProjects\bank management system\build\classes 
java_command: bank.management.system.Deposit
java_class_path (initial): C:\Users\LENOVO\Downloads\jcalendar-tz-1.3.3-4.jar;C:\Users\LENOVO\Downloads\mysql-connector-java-8.0.28.jar;C:\Users\LENOVO\OneDrive\Documents\NetBeansProjects\bank management system\build\classes
Launcher Type: SUN_STANDARD

[Global flags]
     intx CICompilerCount                          = 4                                         {product} {ergonomic}
     uint ConcGCThreads                            = 2                                         {product} {ergonomic}
     uint G1ConcRefinementThreads                  = 8                                         {product} {ergonomic}
   size_t G1HeapRegionSize                         = 1048576                                   {product} {ergonomic}
    uintx GCDrainStackTargetSize                   = 64                                        {product} {ergonomic}
   size_t InitialHeapSize                          = 132120576                                 {product} {ergonomic}
   size_t MarkStackSize                            = 4194304                                   {product} {ergonomic}
   size_t MaxHeapSize                              = 2090860544                                {product} {ergonomic}
   size_t MinHeapDeltaBytes                        = 1048576                                   {product} {ergonomic}
   size_t MinHeapSize                              = 8388608                                   {product} {ergonomic}
    uintx NonNMethodCodeHeapSize                   = 5839372                                {pd product} {ergonomic}
    uintx NonProfiledCodeHeapSize                  = 122909434                              {pd product} {ergonomic}
    uintx ProfiledCodeHeapSize                     = 122909434                              {pd product} {ergonomic}
    uintx ReservedCodeCacheSize                    = 251658240                              {pd product} {ergonomic}
     bool SegmentedCodeCache                       = true                                      {product} {ergonomic}
   size_t SoftMaxHeapSize                          = 2090860544                             {manageable} {ergonomic}
     bool UseCompressedClassPointers               = true                           {product lp64_product} {ergonomic}
     bool UseCompressedOops                        = true                           {product lp64_product} {ergonomic}
     bool UseG1GC                                  = true                                      {product} {ergonomic}
     bool UseLargePagesIndividualAllocation        = false                                  {pd product} {ergonomic}

Logging:
Log output configuration:
 #0: stdout all=warning uptime,level,tags
 #1: stderr all=off uptime,level,tags

Environment Variables:
PATH=C:\Program Files\Common Files\Oracle\Java\javapath;C:\Windows\system32;C:\Windows;C:\Windows\System32\Wbem;C:\Windows\System32\WindowsPowerShell\v1.0\;C:\Windows\System32\OpenSSH\;C:\Program Files\Java\jdk-17\bin;C:\Program Files\MySQL\MySQL Server 8.0\bin;C:\Program Files\MySQL\MySQL Shell 8.0\bin\;C:\Users\LENOVO\AppData\Local\Microsoft\WindowsApps;;C:\Users\LENOVO\AppData\Local\Programs\Microsoft VS Code\bin
USERNAME=LENOVO
OS=Windows_NT
PROCESSOR_IDENTIFIER=Intel64 Family 6 Model 140 Stepping 1, GenuineIntel



---------------  S Y S T E M  ---------------

OS:
 Windows 11 , 64 bit Build 22000 (10.0.22000.2003)
OS uptime: 8 days 1:29 hours
Hyper-V role detected

CPU: total 8 (initial active 8) (4 cores per cpu, 2 threads per core) family 6 model 140 stepping 1 microcode 0xa4, cx8, cmov, fxsr, ht, mmx, 3dnowpref, sse, sse2, sse3, ssse3, sse4.1, sse4.2, popcnt, lzcnt, tsc, tscinvbit, avx, avx2, aes, erms, clmul, bmi1, bmi2, adx, avx512f, avx512dq, avx512cd, avx512bw, avx512vl, sha, fma, vzeroupper, avx512_vpopcntdq, avx512_vpclmulqdq, avx512_vaes, avx512_vnni, clflush, clflushopt, clwb, avx512_vbmi2, avx512_vbmi, hv

Memory: 4k page, system-wide physical 7975M (546M free)
TotalPageFile size 25113M (AvailPageFile size 53M)
current process WorkingSet (physical memory assigned to process): 10M, peak: 10M
current process commit charge ("private bytes"): 60M, peak: 186M

vm_info: Java HotSpot(TM) 64-Bit Server VM (17.0.7+8-LTS-224) for windows-amd64 JRE (17.0.7+8-LTS-224), built on Feb 28 2023 23:03:02 by "mach5one" with MS VC++ 17.1 (VS2022)

END.
